0 info it worked if it ends with ok
1 verbose cli [ 'C:\\Program Files\\nodejs\\\\node.exe',
1 verbose cli   'C:\\Program Files\\nodejs\\node_modules\\npm\\bin\\npm-cli.js',
1 verbose cli   'install' ]
2 info using npm@1.4.28
3 info using node@v0.10.32
4 verbose node symlink C:\Program Files\nodejs\\node.exe
5 verbose readDependencies using package.json deps
6 verbose install where, deps [ 'C:\\Users\\andrew.young\\WebstormProjects\\mySandbox',
6 verbose install   [ 'express',
6 verbose install     'body-parser',
6 verbose install     'cookie-parser',
6 verbose install     'morgan',
6 verbose install     'serve-favicon',
6 verbose install     'debug',
6 verbose install     'jade',
6 verbose install     'passport',
6 verbose install     'passport-local',
6 verbose install     'mongoose',
6 verbose install     'passport-local-mongoose' ] ]
7 info preinstall mySandbox@0.0.0
8 verbose readDependencies using package.json deps
9 verbose already installed skipping express@~4.9.0 C:\Users\andrew.young\WebstormProjects\mySandbox
10 verbose already installed skipping body-parser@~1.8.1 C:\Users\andrew.young\WebstormProjects\mySandbox
11 verbose already installed skipping cookie-parser@~1.3.3 C:\Users\andrew.young\WebstormProjects\mySandbox
12 verbose already installed skipping morgan@~1.3.0 C:\Users\andrew.young\WebstormProjects\mySandbox
13 verbose already installed skipping serve-favicon@~2.1.3 C:\Users\andrew.young\WebstormProjects\mySandbox
14 verbose already installed skipping debug@~2.0.0 C:\Users\andrew.young\WebstormProjects\mySandbox
15 verbose already installed skipping jade@~1.6.0 C:\Users\andrew.young\WebstormProjects\mySandbox
16 verbose already installed skipping passport@~0.2.0 C:\Users\andrew.young\WebstormProjects\mySandbox
17 verbose already installed skipping passport-local@~1.0.0 C:\Users\andrew.young\WebstormProjects\mySandbox
18 verbose already installed skipping mongoose@~3.9.4 C:\Users\andrew.young\WebstormProjects\mySandbox
19 verbose cache add [ 'passport-local-mongoose@1.4.28', null ]
20 verbose cache add name=undefined spec="passport-local-mongoose@1.4.28" args=["passport-local-mongoose@1.4.28",null]
21 verbose parsed url { protocol: null,
21 verbose parsed url   slashes: null,
21 verbose parsed url   auth: null,
21 verbose parsed url   host: null,
21 verbose parsed url   port: null,
21 verbose parsed url   hostname: null,
21 verbose parsed url   hash: null,
21 verbose parsed url   search: null,
21 verbose parsed url   query: null,
21 verbose parsed url   pathname: 'passport-local-mongoose@1.4.28',
21 verbose parsed url   path: 'passport-local-mongoose@1.4.28',
21 verbose parsed url   href: 'passport-local-mongoose@1.4.28' }
22 verbose cache add name="passport-local-mongoose" spec="1.4.28" args=["passport-local-mongoose","1.4.28"]
23 verbose parsed url { protocol: null,
23 verbose parsed url   slashes: null,
23 verbose parsed url   auth: null,
23 verbose parsed url   host: null,
23 verbose parsed url   port: null,
23 verbose parsed url   hostname: null,
23 verbose parsed url   hash: null,
23 verbose parsed url   search: null,
23 verbose parsed url   query: null,
23 verbose parsed url   pathname: '1.4.28',
23 verbose parsed url   path: '1.4.28',
23 verbose parsed url   href: '1.4.28' }
24 verbose addNamed [ 'passport-local-mongoose', '1.4.28' ]
25 verbose addNamed [ '1.4.28', '1.4.28' ]
26 silly lockFile 46120d15-passport-local-mongoose-1-4-28 passport-local-mongoose@1.4.28
27 verbose lock passport-local-mongoose@1.4.28 C:\Users\andrew.young\AppData\Roaming\npm-cache\46120d15-passport-local-mongoose-1-4-28.lock
28 verbose request where is /passport-local-mongoose
29 verbose request registry https://registry.npmjs.org/
30 verbose request id c20089cd8ddc788a
31 verbose url raw /passport-local-mongoose
32 verbose url resolving [ 'https://registry.npmjs.org/', './passport-local-mongoose' ]
33 verbose url resolved https://registry.npmjs.org/passport-local-mongoose
34 verbose request where is https://registry.npmjs.org/passport-local-mongoose
35 info trying registry request attempt 1 at 15:24:59
36 verbose etag "651I0OY6GV370RXG9FI55QMI0"
37 http GET https://registry.npmjs.org/passport-local-mongoose
38 http 304 https://registry.npmjs.org/passport-local-mongoose
39 silly registry.get cb [ 304,
39 silly registry.get   { date: 'Mon, 03 Nov 2014 07:25:08 GMT',
39 silly registry.get     server: 'Apache',
39 silly registry.get     via: '1.1 varnish',
39 silly registry.get     'last-modified': 'Mon, 03 Nov 2014 07:25:09 GMT',
39 silly registry.get     'cache-control': 'max-age=60',
39 silly registry.get     etag: '"651I0OY6GV370RXG9FI55QMI0"',
39 silly registry.get     age: '0',
39 silly registry.get     'x-served-by': 'cache-sn86-SIN',
39 silly registry.get     'x-cache': 'HIT',
39 silly registry.get     'x-cache-hits': '1',
39 silly registry.get     'x-timer': 'S1414999508.316889,VS0,VE822',
39 silly registry.get     vary: 'Accept',
39 silly registry.get     'content-length': '0',
39 silly registry.get     'keep-alive': 'timeout=10, max=50',
39 silly registry.get     connection: 'Keep-Alive' } ]
40 verbose etag https://registry.npmjs.org/passport-local-mongoose from cache
41 silly lockFile 46120d15-passport-local-mongoose-1-4-28 passport-local-mongoose@1.4.28
42 silly lockFile 46120d15-passport-local-mongoose-1-4-28 passport-local-mongoose@1.4.28
43 error Error: version not found: passport-local-mongoose@1.4.28
43 error     at C:\Program Files\nodejs\node_modules\npm\lib\cache\add-named.js:125:12
43 error     at saved (C:\Program Files\nodejs\node_modules\npm\node_modules\npm-registry-client\lib\get.js:167:7)
43 error     at Object.oncomplete (fs.js:107:15)
44 error If you need help, you may report this *entire* log,
44 error including the npm and node versions, at:
44 error     <http://github.com/npm/npm/issues>
45 error System Windows_NT 6.1.7601
46 error command "C:\\Program Files\\nodejs\\\\node.exe" "C:\\Program Files\\nodejs\\node_modules\\npm\\bin\\npm-cli.js" "install"
47 error cwd C:\Users\andrew.young\WebstormProjects\mySandbox
48 error node -v v0.10.32
49 error npm -v 1.4.28
50 verbose exit [ 1, true ]
